C:\USERS\WISEST\DOCUMENTS\VISUAL STUDIO 2012\PROJECTS\RANGEROFSHADOWGL\RANGEROFSHADOWGL\DEBUG\MAIN.OBJ
C:\USERS\WISEST\DOCUMENTS\VISUAL STUDIO 2012\PROJECTS\RANGEROFSHADOWGL\RANGEROFSHADOWGL\DEBUG\VC110.PDB
C:\USERS\WISEST\DOCUMENTS\VISUAL STUDIO 2012\PROJECTS\RANGEROFSHADOWGL\RANGEROFSHADOWGL\DEBUG\CONTROL.OBJ
C:\USERS\WISEST\DOCUMENTS\VISUAL STUDIO 2012\PROJECTS\RANGEROFSHADOWGL\RANGEROFSHADOWGL\DEBUG\OBJECT.OBJ
C:\USERS\WISEST\DOCUMENTS\VISUAL STUDIO 2012\PROJECTS\RANGEROFSHADOWGL\RANGEROFSHADOWGL\DEBUG\GAMEGL.OBJ
C:\Users\Wisest\documents\visual studio 2012\Projects\RangerOfShadowGL\RangerOfShadowGL\Debug\Control.obj
C:\Users\Wisest\documents\visual studio 2012\Projects\RangerOfShadowGL\RangerOfShadowGL\Debug\GameGL.obj
C:\Users\Wisest\documents\visual studio 2012\Projects\RangerOfShadowGL\RangerOfShadowGL\Debug\main.obj
C:\Users\Wisest\documents\visual studio 2012\Projects\RangerOfShadowGL\RangerOfShadowGL\Debug\Object.obj
C:\Users\Wisest\documents\visual studio 2012\Projects\RangerOfShadowGL\RangerOfShadowGL\Debug\cl.command.1.tlog
C:\Users\Wisest\documents\visual studio 2012\Projects\RangerOfShadowGL\RangerOfShadowGL\Debug\CL.read.1.tlog
C:\Users\Wisest\documents\visual studio 2012\Projects\RangerOfShadowGL\RangerOfShadowGL\Debug\CL.write.1.tlog
C:\Users\Wisest\documents\visual studio 2012\Projects\RangerOfShadowGL\RangerOfShadowGL\Debug\link-cvtres.read.1.tlog
C:\Users\Wisest\documents\visual studio 2012\Projects\RangerOfShadowGL\RangerOfShadowGL\Debug\link-cvtres.write.1.tlog
C:\Users\Wisest\documents\visual studio 2012\Projects\RangerOfShadowGL\RangerOfShadowGL\Debug\link-rc.read.1.tlog
C:\Users\Wisest\documents\visual studio 2012\Projects\RangerOfShadowGL\RangerOfShadowGL\Debug\link-rc.write.1.tlog
C:\Users\Wisest\documents\visual studio 2012\Projects\RangerOfShadowGL\RangerOfShadowGL\Debug\link.2968-cvtres.read.1.tlog
C:\Users\Wisest\documents\visual studio 2012\Projects\RangerOfShadowGL\RangerOfShadowGL\Debug\link.2968-cvtres.write.1.tlog
C:\Users\Wisest\documents\visual studio 2012\Projects\RangerOfShadowGL\RangerOfShadowGL\Debug\link.2968-rc.read.1.tlog
C:\Users\Wisest\documents\visual studio 2012\Projects\RangerOfShadowGL\RangerOfShadowGL\Debug\link.2968-rc.write.1.tlog
C:\Users\Wisest\documents\visual studio 2012\Projects\RangerOfShadowGL\RangerOfShadowGL\Debug\link.2968.read.1.tlog
C:\Users\Wisest\documents\visual studio 2012\Projects\RangerOfShadowGL\RangerOfShadowGL\Debug\link.2968.write.1.tlog
C:\Users\Wisest\documents\visual studio 2012\Projects\RangerOfShadowGL\RangerOfShadowGL\Debug\link.3508-cvtres.read.1.tlog
C:\Users\Wisest\documents\visual studio 2012\Projects\RangerOfShadowGL\RangerOfShadowGL\Debug\link.3508-cvtres.write.1.tlog
C:\Users\Wisest\documents\visual studio 2012\Projects\RangerOfShadowGL\RangerOfShadowGL\Debug\link.3508-rc.read.1.tlog
C:\Users\Wisest\documents\visual studio 2012\Projects\RangerOfShadowGL\RangerOfShadowGL\Debug\link.3508-rc.write.1.tlog
C:\Users\Wisest\documents\visual studio 2012\Projects\RangerOfShadowGL\RangerOfShadowGL\Debug\link.3508.read.1.tlog
C:\Users\Wisest\documents\visual studio 2012\Projects\RangerOfShadowGL\RangerOfShadowGL\Debug\link.3508.write.1.tlog
C:\Users\Wisest\documents\visual studio 2012\Projects\RangerOfShadowGL\RangerOfShadowGL\Debug\link.4816-cvtres.read.1.tlog
C:\Users\Wisest\documents\visual studio 2012\Projects\RangerOfShadowGL\RangerOfShadowGL\Debug\link.4816-cvtres.write.1.tlog
C:\Users\Wisest\documents\visual studio 2012\Projects\RangerOfShadowGL\RangerOfShadowGL\Debug\link.4816-rc.read.1.tlog
C:\Users\Wisest\documents\visual studio 2012\Projects\RangerOfShadowGL\RangerOfShadowGL\Debug\link.4816-rc.write.1.tlog
C:\Users\Wisest\documents\visual studio 2012\Projects\RangerOfShadowGL\RangerOfShadowGL\Debug\link.4816.read.1.tlog
C:\Users\Wisest\documents\visual studio 2012\Projects\RangerOfShadowGL\RangerOfShadowGL\Debug\link.4816.write.1.tlog
C:\Users\Wisest\documents\visual studio 2012\Projects\RangerOfShadowGL\RangerOfShadowGL\Debug\link.command.1.tlog
C:\Users\Wisest\documents\visual studio 2012\Projects\RangerOfShadowGL\RangerOfShadowGL\Debug\link.read.1.tlog
C:\Users\Wisest\documents\visual studio 2012\Projects\RangerOfShadowGL\RangerOfShadowGL\Debug\link.write.1.tlog
C:\Users\Wisest\documents\visual studio 2012\Projects\RangerOfShadowGL\RangerOfShadowGL\Debug\vc110.idb
C:\Users\Wisest\documents\visual studio 2012\Projects\RangerOfShadowGL\RangerOfShadowGL\Debug\vc110.pdb
C:\Users\Wisest\documents\visual studio 2012\Projects\RangerOfShadowGL\Debug\RangerOfShadowGL.pdb
