Построение начато 7/8/2014 8:19:20 PM.
     1>Проект "C:\Users\Wisest\documents\visual studio 2012\Projects\RangerOfShadowGL\RangerOfShadowGL\RangerOfShadowGL.vcxproj" в узле 2 (целевые объекты Build).
     1>ClCompile:
         C:\Program Files (x86)\Microsoft Visual Studio 11.0\VC\bin\CL.exe /c /ZI /nologo /W3 /WX- /Od /Oy- /D WIN32 /D _DEBUG /D _CONSOLE /D _UNICODE /D UNICODE /Gm /EHsc /RTC1 /MDd /GS /fp:precise /Zc:wchar_t /Zc:forScope /Fo"Debug\\" /Fd"Debug\vc110.pdb" /Gd /TP /analyze- /errorReport:prompt Map.cpp Object.cpp
         Object.cpp
     1>c:\users\wisest\documents\visual studio 2012\projects\rangerofshadowgl\rangerofshadowgl\object.cpp(35): warning C4018: <: несоответствие типов со знаком и без знака
     1>c:\users\wisest\documents\visual studio 2012\projects\rangerofshadowgl\rangerofshadowgl\object.cpp(34): warning C4101: xt: неиспользованная локальная переменная
     1>c:\users\wisest\documents\visual studio 2012\projects\rangerofshadowgl\rangerofshadowgl\object.cpp(34): warning C4101: yt: неиспользованная локальная переменная
     1>c:\users\wisest\documents\visual studio 2012\projects\rangerofshadowgl\rangerofshadowgl\object.cpp(49): warning C4018: <: несоответствие типов со знаком и без знака
         Map.cpp
     1>c:\users\wisest\documents\visual studio 2012\projects\rangerofshadowgl\rangerofshadowgl\map.cpp(47): warning C4996: 'fopen': This function or variable may be unsafe. Consider using fopen_s instead. To disable deprecation, use _CRT_SECURE_NO_WARNINGS. See online help for details.
                 c:\program files (x86)\microsoft visual studio 11.0\vc\include\stdio.h(218): см. объявление "fopen"
     1>c:\users\wisest\documents\visual studio 2012\projects\rangerofshadowgl\rangerofshadowgl\map.cpp(52): warning C4996: 'fscanf': This function or variable may be unsafe. Consider using fscanf_s instead. To disable deprecation, use _CRT_SECURE_NO_WARNINGS. See online help for details.
                 c:\program files (x86)\microsoft visual studio 11.0\vc\include\stdio.h(237): см. объявление "fscanf"
     1>c:\users\wisest\documents\visual studio 2012\projects\rangerofshadowgl\rangerofshadowgl\map.cpp(62): warning C4018: <: несоответствие типов со знаком и без знака
         Создание кода...
       Link:
         C:\Program Files (x86)\Microsoft Visual Studio 11.0\VC\bin\link.exe /ERRORREPORT:PROMPT /OUT:"C:\Users\Wisest\documents\visual studio 2012\Projects\RangerOfShadowGL\Debug\RangerOfShadowGL.exe" /INCREMENTAL /NOLOGO kernel32.lib user32.lib gdi32.lib winspool.lib comdlg32.lib advapi32.lib shell32.lib ole32.lib oleaut32.lib uuid.lib odbc32.lib odbccp32.lib /MANIFEST /MANIFESTUAC:"level='asInvoker' uiAccess='false'" /manifest:embed /DEBUG /PDB:"C:\Users\Wisest\documents\visual studio 2012\Projects\RangerOfShadowGL\Debug\RangerOfShadowGL.pdb" /SUBSYSTEM:CONSOLE /TLBID:1 /DYNAMICBASE /NXCOMPAT /IMPLIB:"C:\Users\Wisest\documents\visual studio 2012\Projects\RangerOfShadowGL\Debug\RangerOfShadowGL.lib" /MACHINE:X86 Debug\AIBehavior.obj
         Debug\Control.obj
         Debug\GameGL.obj
         Debug\main.obj
         Debug\Map.obj
         Debug\Object.obj
         RangerOfShadowGL.vcxproj -> C:\Users\Wisest\documents\visual studio 2012\Projects\RangerOfShadowGL\Debug\RangerOfShadowGL.exe
     1>Построение проекта "C:\Users\Wisest\documents\visual studio 2012\Projects\RangerOfShadowGL\RangerOfShadowGL\RangerOfShadowGL.vcxproj" завершено (целевые объекты Build).

Построение успешно завершено.

Затраченное время: 00:00:02.78
